<?xml version="1.0" encoding="UTF-8"?>
<coverage generated="1677030437847" clover="3.2.0">
  <project timestamp="1677030437847" name="All files">
    <metrics statements="51" coveredstatements="47" conditionals="12" coveredconditionals="12" methods="3" coveredmethods="2" elements="66" coveredelements="61" complexity="0" loc="51" ncloc="51" packages="1" files="1" classes="1"/>
    <file name="shortest.js" path="/home/likitha.p/travelblog/flights/shortest.js">
      <metrics statements="51" coveredstatements="47" conditionals="12" coveredconditionals="12" methods="3" coveredmethods="2"/>
      <line num="1" count="1" type="stmt"/>
      <line num="2" count="1" type="stmt"/>
      <line num="3" count="1" type="stmt"/>
      <line num="4" count="1" type="stmt"/>
      <line num="5" count="1" type="stmt"/>
      <line num="6" count="1" type="stmt"/>
      <line num="8" count="1" type="stmt"/>
      <line num="10" count="1" type="stmt"/>
      <line num="12" count="20" type="stmt"/>
      <line num="15" count="20" type="stmt"/>
      <line num="19" count="152" type="cond" truecount="2" falsecount="0"/>
      <line num="22" count="152" type="cond" truecount="4" falsecount="0"/>
      <line num="24" count="32" type="stmt"/>
      <line num="27" count="20" type="stmt"/>
      <line num="30" count="1" type="stmt"/>
      <line num="33" count="2" type="stmt"/>
      <line num="34" count="2" type="stmt"/>
      <line num="35" count="2" type="stmt"/>
      <line num="37" count="2" type="stmt"/>
      <line num="38" count="2" type="stmt"/>
      <line num="39" count="10" type="stmt"/>
      <line num="43" count="2" type="stmt"/>
      <line num="45" count="2" type="stmt"/>
      <line num="48" count="2" type="stmt"/>
      <line num="50" count="18" type="stmt"/>
      <line num="51" count="18" type="stmt"/>
      <line num="54" count="18" type="stmt"/>
      <line num="57" count="52" type="cond" truecount="2" falsecount="0"/>
      <line num="58" count="11" type="stmt"/>
      <line num="61" count="41" type="stmt"/>
      <line num="64" count="41" type="cond" truecount="4" falsecount="0"/>
      <line num="66" count="11" type="stmt"/>
      <line num="68" count="11" type="stmt"/>
      <line num="73" count="18" type="stmt"/>
      <line num="75" count="18" type="stmt"/>
      <line num="80" count="2" type="stmt"/>
      <line num="81" count="2" type="stmt"/>
      <line num="82" count="2" type="stmt"/>
      <line num="83" count="3" type="stmt"/>
      <line num="84" count="3" type="stmt"/>
      <line num="86" count="2" type="stmt"/>
      <line num="89" count="2" type="stmt"/>
      <line num="94" count="2" type="stmt"/>
      <line num="96" count="1" type="stmt"/>
      <line num="97" count="1" type="stmt"/>
      <line num="100" count="1" type="stmt"/>
      <line num="101" count="0" type="stmt"/>
      <line num="102" count="0" type="stmt"/>
      <line num="103" count="0" type="stmt"/>
      <line num="104" count="0" type="stmt"/>
      <line num="107" count="1" type="stmt"/>
    </file>
  </project>
</coverage>
