{"/home/likitha.p/travelblog/flights/shortest.js": {"path":"/home/likitha.p/travelblog/flights/shortest.js","statementMap":{"0":{"start":{"line":1,"column":16},"end":{"line":1,"column":34}},"1":{"start":{"line":2,"column":12},"end":{"line":2,"column":21}},"2":{"start":{"line":3,"column":9},"end":{"line":3,"column":22}},"3":{"start":{"line":4,"column":11},"end":{"line":4,"column":26}},"4":{"start":{"line":5,"column":0},"end":{"line":5,"column":24}},"5":{"start":{"line":6,"column":0},"end":{"line":6,"column":15}},"6":{"start":{"line":8,"column":10},"end":{"line":8,"column":54}},"7":{"start":{"line":10,"column":27},"end":{"line":28,"column":3}},"8":{"start":{"line":12,"column":21},"end":{"line":12,"column":25}},"9":{"start":{"line":15,"column":6},"end":{"line":26,"column":7}},"10":{"start":{"line":19,"column":14},"end":{"line":19,"column":72}},"11":{"start":{"line":22,"column":10},"end":{"line":25,"column":11}},"12":{"start":{"line":24,"column":14},"end":{"line":24,"column":30}},"13":{"start":{"line":27,"column":6},"end":{"line":27,"column":22}},"14":{"start":{"line":30,"column":25},"end":{"line":95,"column":4}},"15":{"start":{"line":33,"column":22},"end":{"line":33,"column":24}},"16":{"start":{"line":34,"column":4},"end":{"line":34,"column":36}},"17":{"start":{"line":35,"column":4},"end":{"line":35,"column":59}},"18":{"start":{"line":37,"column":18},"end":{"line":37,"column":35}},"19":{"start":{"line":38,"column":4},"end":{"line":40,"column":5}},"20":{"start":{"line":39,"column":5},"end":{"line":39,"column":32}},"21":{"start":{"line":43,"column":20},"end":{"line":43,"column":22}},"22":{"start":{"line":45,"column":17},"end":{"line":45,"column":57}},"23":{"start":{"line":48,"column":4},"end":{"line":76,"column":8}},"24":{"start":{"line":50,"column":20},"end":{"line":50,"column":35}},"25":{"start":{"line":51,"column":20},"end":{"line":51,"column":31}},"26":{"start":{"line":54,"column":9},"end":{"line":71,"column":11}},"27":{"start":{"line":57,"column":11},"end":{"line":70,"column":13}},"28":{"start":{"line":58,"column":13},"end":{"line":58,"column":22}},"29":{"start":{"line":61,"column":31},"end":{"line":61,"column":57}},"30":{"start":{"line":64,"column":13},"end":{"line":69,"column":8}},"31":{"start":{"line":66,"column":8},"end":{"line":66,"column":39}},"32":{"start":{"line":68,"column":8},"end":{"line":68,"column":30}},"33":{"start":{"line":73,"column":9},"end":{"line":73,"column":28}},"34":{"start":{"line":75,"column":9},"end":{"line":75,"column":57}},"35":{"start":{"line":80,"column":23},"end":{"line":80,"column":32}},"36":{"start":{"line":81,"column":17},"end":{"line":81,"column":33}},"37":{"start":{"line":82,"column":4},"end":{"line":85,"column":5}},"38":{"start":{"line":83,"column":5},"end":{"line":83,"column":31}},"39":{"start":{"line":84,"column":5},"end":{"line":84,"column":30}},"40":{"start":{"line":86,"column":4},"end":{"line":86,"column":27}},"41":{"start":{"line":89,"column":18},"end":{"line":92,"column":5}},"42":{"start":{"line":94,"column":6},"end":{"line":94,"column":21}},"43":{"start":{"line":96,"column":3},"end":{"line":96,"column":63}},"44":{"start":{"line":97,"column":3},"end":{"line":97,"column":34}},"45":{"start":{"line":100,"column":0},"end":{"line":105,"column":2}},"46":{"start":{"line":101,"column":2},"end":{"line":101,"column":62}},"47":{"start":{"line":102,"column":0},"end":{"line":102,"column":31}},"48":{"start":{"line":103,"column":0},"end":{"line":103,"column":51}},"49":{"start":{"line":104,"column":2},"end":{"line":104,"column":20}},"50":{"start":{"line":107,"column":0},"end":{"line":107,"column":16}}},"fnMap":{"0":{"name":"(anonymous_0)","decl":{"start":{"line":10,"column":27},"end":{"line":10,"column":28}},"loc":{"start":{"line":10,"column":51},"end":{"line":28,"column":3}},"line":10},"1":{"name":"(anonymous_1)","decl":{"start":{"line":30,"column":25},"end":{"line":30,"column":26}},"loc":{"start":{"line":30,"column":56},"end":{"line":95,"column":4}},"line":30},"2":{"name":"(anonymous_2)","decl":{"start":{"line":100,"column":23},"end":{"line":100,"column":24}},"loc":{"start":{"line":100,"column":43},"end":{"line":105,"column":1}},"line":100}},"branchMap":{"0":{"loc":{"start":{"line":19,"column":14},"end":{"line":19,"column":72}},"type":"binary-expr","locations":[{"start":{"line":19,"column":14},"end":{"line":19,"column":31}},{"start":{"line":19,"column":35},"end":{"line":19,"column":72}}],"line":19},"1":{"loc":{"start":{"line":22,"column":10},"end":{"line":25,"column":11}},"type":"if","locations":[{"start":{"line":22,"column":10},"end":{"line":25,"column":11}},{"start":{},"end":{}}],"line":22},"2":{"loc":{"start":{"line":22,"column":14},"end":{"line":22,"column":58}},"type":"binary-expr","locations":[{"start":{"line":22,"column":14},"end":{"line":22,"column":31}},{"start":{"line":22,"column":35},"end":{"line":22,"column":58}}],"line":22},"3":{"loc":{"start":{"line":57,"column":11},"end":{"line":70,"column":13}},"type":"if","locations":[{"start":{"line":57,"column":11},"end":{"line":70,"column":13}},{"start":{"line":59,"column":17},"end":{"line":70,"column":13}}],"line":57},"4":{"loc":{"start":{"line":64,"column":13},"end":{"line":69,"column":8}},"type":"if","locations":[{"start":{"line":64,"column":13},"end":{"line":69,"column":8}},{"start":{},"end":{}}],"line":64},"5":{"loc":{"start":{"line":64,"column":17},"end":{"line":64,"column":68}},"type":"binary-expr","locations":[{"start":{"line":64,"column":17},"end":{"line":64,"column":34}},{"start":{"line":64,"column":38},"end":{"line":64,"column":68}}],"line":64}},"s":{"0":1,"1":1,"2":1,"3":1,"4":1,"5":1,"6":1,"7":1,"8":20,"9":20,"10":152,"11":152,"12":32,"13":20,"14":1,"15":2,"16":2,"17":2,"18":2,"19":2,"20":10,"21":2,"22":2,"23":2,"24":18,"25":18,"26":18,"27":52,"28":11,"29":41,"30":41,"31":11,"32":11,"33":18,"34":18,"35":2,"36":2,"37":2,"38":3,"39":3,"40":2,"41":2,"42":2,"43":1,"44":1,"45":1,"46":0,"47":0,"48":0,"49":0,"50":1},"f":{"0":20,"1":2,"2":0},"b":{"0":[152,79],"1":[32,120],"2":[152,122],"3":[11,41],"4":[11,30],"5":[41,33]},"_coverageSchema":"1a1c01bbd47fc00a2c39e90264f33305004495a9","hash":"636df31a74b8fe528a167734e34f365e1e13b199"}
}
