TN:
SF:shortest.js
FN:10,(anonymous_0)
FN:30,(anonymous_1)
FN:100,(anonymous_2)
FNF:3
FNH:2
FNDA:20,(anonymous_0)
FNDA:2,(anonymous_1)
FNDA:0,(anonymous_2)
DA:1,1
DA:2,1
DA:3,1
DA:4,1
DA:5,1
DA:6,1
DA:8,1
DA:10,1
DA:12,20
DA:15,20
DA:19,152
DA:22,152
DA:24,32
DA:27,20
DA:30,1
DA:33,2
DA:34,2
DA:35,2
DA:37,2
DA:38,2
DA:39,10
DA:43,2
DA:45,2
DA:48,2
DA:50,18
DA:51,18
DA:54,18
DA:57,52
DA:58,11
DA:61,41
DA:64,41
DA:66,11
DA:68,11
DA:73,18
DA:75,18
DA:80,2
DA:81,2
DA:82,2
DA:83,3
DA:84,3
DA:86,2
DA:89,2
DA:94,2
DA:96,1
DA:97,1
DA:100,1
DA:101,0
DA:102,0
DA:103,0
DA:104,0
DA:107,1
LF:51
LH:47
BRDA:19,0,0,152
BRDA:19,0,1,79
BRDA:22,1,0,32
BRDA:22,1,1,120
BRDA:22,2,0,152
BRDA:22,2,1,122
BRDA:57,3,0,11
BRDA:57,3,1,41
BRDA:64,4,0,11
BRDA:64,4,1,30
BRDA:64,5,0,41
BRDA:64,5,1,33
BRF:12
BRH:12
end_of_record
